<?xml version="1.0" encoding="UTF-8" ?>
<testsuite failures="1" time="0.31" errors="0" skipped="0" tests="2" name="com.taotao.controller.FTPTest">
  <properties>
[...]
</properties>
  <testcase time="0.067" classname="com.taotao.controller.FTPTest" name="com.taotao.controller.FTPTest.testFtpClient">
    <failure message="Could not parse response code.
Server Reply: SSH-2.0-OpenSSH_5.3" type="org.apache.commons.net.MalformedServerReplyException">org.apache.commons.net.MalformedServerReplyException: Could not parse response code.
Server Reply: SSH-2.0-OpenSSH_5.3
	at org.apache.commons.net.ftp.FTP.__getReply(FTP.java:337)
	at org.apache.commons.net.ftp.FTP.__getReply(FTP.java:294)
	at org.apache.commons.net.ftp.FTP._connectAction_(FTP.java:400)
	at org.apache.commons.net.ftp.FTPClient._connectAction_(FTPClient.java:924)
	at org.apache.commons.net.SocketClient.connect(SocketClient.java:183)
	at org.apache.commons.net.SocketClient.connect(SocketClient.java:203)
	at com.taotao.controller.FTPTest.testFtpClient(FTPTest.java:21)
</failure>
  </testcase>
  <testcase time="0.239" classname="com.taotao.controller.FTPTest" name="com.taotao.controller.FTPTest.testFtpUtil"/>
</testsuite>